::1 - - [02/Nov/2016:11:07:11 +0000] "GET /news?newstype=0 HTTP/1.1" 200 431 "http://localhost:3000/" "Mozilla/5.0 (iPhone; CPU iPhone OS 8_0 like Mac OS X) AppleWebKit/600.1.3 (KHTML, like Gecko) Version/8.0 Mobile/12A4345d Safari/600.1.4"
::1 - - [02/Nov/2016:11:07:11 +0000] "GET /w HTTP/1.1" 404 1106 "http://localhost:3000/" "Mozilla/5.0 (iPhone; CPU iPhone OS 8_0 like Mac OS X) AppleWebKit/600.1.3 (KHTML, like Gecko) Version/8.0 Mobile/12A4345d Safari/600.1.4"
::1 - - [02/Nov/2016:11:07:11 +0000] "GET /4 HTTP/1.1" 404 1106 "http://localhost:3000/" "Mozilla/5.0 (iPhone; CPU iPhone OS 8_0 like Mac OS X) AppleWebKit/600.1.3 (KHTML, like Gecko) Version/8.0 Mobile/12A4345d Safari/600.1.4"
::1 - - [02/Nov/2016:11:07:47 +0000] "GET /admin/getnews HTTP/1.1" 200 888 "http://localhost:3000/server/default.html" "Mozilla/5.0 (Windows NT 6.1) AppleWebKit/537.36 (KHTML, like Gecko) Chrome/45.0.2454.85 Safari/537.36"
::1 - - [03/Nov/2016:00:26:44 +0000] "GET /favicon.ico HTTP/1.1" 404 1106 "http://localhost:3000/" "Mozilla/5.0 (Windows NT 6.1) AppleWebKit/537.36 (KHTML, like Gecko) Chrome/45.0.2454.85 Safari/537.36"
::1 - - [03/Nov/2016:00:26:44 +0000] "GET /news?newstype=0 HTTP/1.1" 200 222 "http://localhost:3000/" "Mozilla/5.0 (Windows NT 6.1) AppleWebKit/537.36 (KHTML, like Gecko) Chrome/45.0.2454.85 Safari/537.36"
::1 - - [03/Nov/2016:00:26:59 +0000] "GET /news?newstype=0 HTTP/1.1" 304 - "http://localhost:3000/" "Mozilla/5.0 (iPhone; CPU iPhone OS 8_0 like Mac OS X) AppleWebKit/600.1.3 (KHTML, like Gecko) Version/8.0 Mobile/12A4345d Safari/600.1.4"
::1 - - [03/Nov/2016:00:28:53 +0000] "GET / HTTP/1.1" 404 1106 "-" "Mozilla/5.0 (iPhone; CPU iPhone OS 8_0 like Mac OS X) AppleWebKit/600.1.3 (KHTML, like Gecko) Version/8.0 Mobile/12A4345d Safari/600.1.4"
::1 - - [03/Nov/2016:00:31:15 +0000] "GET / HTTP/1.1" 404 1106 "-" "Mozilla/5.0 (Windows NT 6.1) AppleWebKit/537.36 (KHTML, like Gecko) Chrome/45.0.2454.85 Safari/537.36"
::1 - - [03/Nov/2016:00:31:16 +0000] "GET / HTTP/1.1" 404 1106 "-" "Mozilla/5.0 (Windows NT 6.1) AppleWebKit/537.36 (KHTML, like Gecko) Chrome/45.0.2454.85 Safari/537.36"
::1 - - [03/Nov/2016:00:31:45 +0000] "GET / HTTP/1.1" 404 1106 "-" "Mozilla/5.0 (Windows NT 6.1) AppleWebKit/537.36 (KHTML, like Gecko) Chrome/45.0.2454.85 Safari/537.36"
::1 - - [03/Nov/2016:00:38:03 +0000] "GET / HTTP/1.1" 404 1106 "-" "Mozilla/5.0 (Windows NT 6.1) AppleWebKit/537.36 (KHTML, like Gecko) Chrome/45.0.2454.85 Safari/537.36"
::1 - - [03/Nov/2016:00:40:23 +0000] "GET / HTTP/1.1" 404 1106 "-" "Mozilla/5.0 (Windows NT 6.1) AppleWebKit/537.36 (KHTML, like Gecko) Chrome/45.0.2454.85 Safari/537.36"
::1 - - [03/Nov/2016:00:43:21 +0000] "GET / HTTP/1.1" 404 1106 "-" "Mozilla/5.0 (Windows NT 6.1) AppleWebKit/537.36 (KHTML, like Gecko) Chrome/45.0.2454.85 Safari/537.36"
::1 - - [03/Nov/2016:00:46:25 +0000] "GET / HTTP/1.1" 404 1106 "-" "Mozilla/5.0 (Windows NT 6.1) AppleWebKit/537.36 (KHTML, like Gecko) Chrome/45.0.2454.85 Safari/537.36"
::1 - - [03/Nov/2016:00:46:26 +0000] "GET / HTTP/1.1" 404 1106 "-" "Mozilla/5.0 (Windows NT 6.1) AppleWebKit/537.36 (KHTML, like Gecko) Chrome/45.0.2454.85 Safari/537.36"
::1 - - [03/Nov/2016:00:47:13 +0000] "GET / HTTP/1.1" 404 1106 "-" "Mozilla/5.0 (Windows NT 6.1) AppleWebKit/537.36 (KHTML, like Gecko) Chrome/45.0.2454.85 Safari/537.36"
::1 - - [03/Nov/2016:00:48:24 +0000] "GET / HTTP/1.1" 404 1106 "-" "Mozilla/5.0 (Windows NT 6.1) AppleWebKit/537.36 (KHTML, like Gecko) Chrome/45.0.2454.85 Safari/537.36"
::1 - - [03/Nov/2016:00:48:25 +0000] "GET / HTTP/1.1" 404 1106 "-" "Mozilla/5.0 (Windows NT 6.1) AppleWebKit/537.36 (KHTML, like Gecko) Chrome/45.0.2454.85 Safari/537.36"
::1 - - [03/Nov/2016:00:49:26 +0000] "GET / HTTP/1.1" 404 1106 "-" "Mozilla/5.0 (Windows NT 6.1) AppleWebKit/537.36 (KHTML, like Gecko) Chrome/45.0.2454.85 Safari/537.36"
::1 - - [03/Nov/2016:00:49:27 +0000] "GET / HTTP/1.1" 404 1106 "-" "Mozilla/5.0 (Windows NT 6.1) AppleWebKit/537.36 (KHTML, like Gecko) Chrome/45.0.2454.85 Safari/537.36"
::1 - - [03/Nov/2016:00:53:07 +0000] "GET / HTTP/1.1" 404 1106 "-" "Mozilla/5.0 (Windows NT 6.1) AppleWebKit/537.36 (KHTML, like Gecko) Chrome/45.0.2454.85 Safari/537.36"
::1 - - [03/Nov/2016:00:53:08 +0000] "GET / HTTP/1.1" 404 1106 "-" "Mozilla/5.0 (Windows NT 6.1) AppleWebKit/537.36 (KHTML, like Gecko) Chrome/45.0.2454.85 Safari/537.36"
::1 - - [03/Nov/2016:00:53:32 +0000] "GET / HTTP/1.1" 200 290 "-" "Mozilla/5.0 (Windows NT 6.1) AppleWebKit/537.36 (KHTML, like Gecko) Chrome/45.0.2454.85 Safari/537.36"
::1 - - [03/Nov/2016:00:53:32 +0000] "GET /stylesheets/style.css HTTP/1.1" 404 1096 "http://localhost:3000/" "Mozilla/5.0 (Windows NT 6.1) AppleWebKit/537.36 (KHTML, like Gecko) Chrome/45.0.2454.85 Safari/537.36"
::1 - - [03/Nov/2016:00:53:45 +0000] "GET / HTTP/1.1" 304 - "-" "Mozilla/5.0 (Windows NT 6.1) AppleWebKit/537.36 (KHTML, like Gecko) Chrome/45.0.2454.85 Safari/537.36"
::1 - - [03/Nov/2016:00:53:45 +0000] "GET /stylesheets/style.css HTTP/1.1" 404 1096 "http://localhost:3000/" "Mozilla/5.0 (Windows NT 6.1) AppleWebKit/537.36 (KHTML, like Gecko) Chrome/45.0.2454.85 Safari/537.36"
::1 - - [03/Nov/2016:00:54:52 +0000] "GET / HTTP/1.1" 200 281 "-" "Mozilla/5.0 (Windows NT 6.1) AppleWebKit/537.36 (KHTML, like Gecko) Chrome/45.0.2454.85 Safari/537.36"
::1 - - [03/Nov/2016:00:55:02 +0000] "GET / HTTP/1.1" 304 - "-" "Mozilla/5.0 (Windows NT 6.1) AppleWebKit/537.36 (KHTML, like Gecko) Chrome/45.0.2454.85 Safari/537.36"
::1 - - [03/Nov/2016:00:55:03 +0000] "GET / HTTP/1.1" 304 - "-" "Mozilla/5.0 (Windows NT 6.1) AppleWebKit/537.36 (KHTML, like Gecko) Chrome/45.0.2454.85 Safari/537.36"
::1 - - [03/Nov/2016:00:55:04 +0000] "GET / HTTP/1.1" 304 - "-" "Mozilla/5.0 (Windows NT 6.1) AppleWebKit/537.36 (KHTML, like Gecko) Chrome/45.0.2454.85 Safari/537.36"
::1 - - [03/Nov/2016:00:55:04 +0000] "GET / HTTP/1.1" 304 - "-" "Mozilla/5.0 (Windows NT 6.1) AppleWebKit/537.36 (KHTML, like Gecko) Chrome/45.0.2454.85 Safari/537.36"
::1 - - [03/Nov/2016:00:55:04 +0000] "GET / HTTP/1.1" 304 - "-" "Mozilla/5.0 (Windows NT 6.1) AppleWebKit/537.36 (KHTML, like Gecko) Chrome/45.0.2454.85 Safari/537.36"
::1 - - [03/Nov/2016:00:55:05 +0000] "GET / HTTP/1.1" 304 - "-" "Mozilla/5.0 (Windows NT 6.1) AppleWebKit/537.36 (KHTML, like Gecko) Chrome/45.0.2454.85 Safari/537.36"
::1 - - [03/Nov/2016:00:56:00 +0000] "GET / HTTP/1.1" 200 265 "-" "Mozilla/5.0 (Windows NT 6.1) AppleWebKit/537.36 (KHTML, like Gecko) Chrome/45.0.2454.85 Safari/537.36"
::1 - - [03/Nov/2016:00:57:13 +0000] "GET / HTTP/1.1" 200 3578 "-" "Mozilla/5.0 (Windows NT 6.1) AppleWebKit/537.36 (KHTML, like Gecko) Chrome/45.0.2454.85 Safari/537.36"
::1 - - [03/Nov/2016:00:57:14 +0000] "GET /news?newstype=0 HTTP/1.1" 404 1096 "http://localhost:3000/" "Mozilla/5.0 (Windows NT 6.1) AppleWebKit/537.36 (KHTML, like Gecko) Chrome/45.0.2454.85 Safari/537.36"
::1 - - [03/Nov/2016:00:57:24 +0000] "GET /news?newstype=0 HTTP/1.1" 404 1096 "http://localhost:3000/" "Mozilla/5.0 (Windows NT 6.1) AppleWebKit/537.36 (KHTML, like Gecko) Chrome/45.0.2454.85 Safari/537.36"
::1 - - [03/Nov/2016:00:58:55 +0000] "GET / HTTP/1.1" 200 3586 "-" "Mozilla/5.0 (Windows NT 6.1) AppleWebKit/537.36 (KHTML, like Gecko) Chrome/45.0.2454.85 Safari/537.36"
::1 - - [03/Nov/2016:00:58:55 +0000] "GET /news?newstype=0 HTTP/1.1" 404 1096 "http://localhost:3000/" "Mozilla/5.0 (Windows NT 6.1) AppleWebKit/537.36 (KHTML, like Gecko) Chrome/45.0.2454.85 Safari/537.36"
::1 - - [03/Nov/2016:01:07:13 +0000] "GET / HTTP/1.1" 200 3586 "-" "Mozilla/5.0 (Windows NT 6.1) AppleWebKit/537.36 (KHTML, like Gecko) Chrome/45.0.2454.85 Safari/537.36"
::1 - - [03/Nov/2016:01:07:14 +0000] "GET /news?newstype=0 HTTP/1.1" 404 1096 "http://localhost:3000/" "Mozilla/5.0 (Windows NT 6.1) AppleWebKit/537.36 (KHTML, like Gecko) Chrome/45.0.2454.85 Safari/537.36"
::1 - - [03/Nov/2016:01:07:18 +0000] "GET /news?newstype=1 HTTP/1.1" 404 1096 "http://localhost:3000/" "Mozilla/5.0 (Windows NT 6.1) AppleWebKit/537.36 (KHTML, like Gecko) Chrome/45.0.2454.85 Safari/537.36"
::1 - - [03/Nov/2016:01:07:19 +0000] "GET / HTTP/1.1" 304 - "-" "Mozilla/5.0 (Windows NT 6.1) AppleWebKit/537.36 (KHTML, like Gecko) Chrome/45.0.2454.85 Safari/537.36"
::1 - - [03/Nov/2016:01:07:20 +0000] "GET /news?newstype=0 HTTP/1.1" 404 1096 "http://localhost:3000/" "Mozilla/5.0 (Windows NT 6.1) AppleWebKit/537.36 (KHTML, like Gecko) Chrome/45.0.2454.85 Safari/537.36"
::1 - - [03/Nov/2016:01:07:56 +0000] "GET / HTTP/1.1" 200 3586 "-" "Mozilla/5.0 (Windows NT 6.1) AppleWebKit/537.36 (KHTML, like Gecko) Chrome/45.0.2454.85 Safari/537.36"
::1 - - [03/Nov/2016:01:07:56 +0000] "GET /news?newstype=0 HTTP/1.1" 404 1096 "http://localhost:3000/" "Mozilla/5.0 (Windows NT 6.1) AppleWebKit/537.36 (KHTML, like Gecko) Chrome/45.0.2454.85 Safari/537.36"
::1 - - [03/Nov/2016:01:08:36 +0000] "GET / HTTP/1.1" 304 - "-" "Mozilla/5.0 (Windows NT 6.1) AppleWebKit/537.36 (KHTML, like Gecko) Chrome/45.0.2454.85 Safari/537.36"
::1 - - [03/Nov/2016:01:08:36 +0000] "GET /?newstype=0 HTTP/1.1" 200 3586 "http://localhost:3000/" "Mozilla/5.0 (Windows NT 6.1) AppleWebKit/537.36 (KHTML, like Gecko) Chrome/45.0.2454.85 Safari/537.36"
::1 - - [03/Nov/2016:01:10:10 +0000] "GET / HTTP/1.1" 304 - "-" "Mozilla/5.0 (Windows NT 6.1) AppleWebKit/537.36 (KHTML, like Gecko) Chrome/45.0.2454.85 Safari/537.36"
::1 - - [03/Nov/2016:01:10:10 +0000] "GET /news?newstype=0 HTTP/1.1" 404 1096 "http://localhost:3000/" "Mozilla/5.0 (Windows NT 6.1) AppleWebKit/537.36 (KHTML, like Gecko) Chrome/45.0.2454.85 Safari/537.36"
::1 - - [03/Nov/2016:01:11:59 +0000] "GET / HTTP/1.1" 200 3586 "-" "Mozilla/5.0 (Windows NT 6.1) AppleWebKit/537.36 (KHTML, like Gecko) Chrome/45.0.2454.85 Safari/537.36"
::1 - - [03/Nov/2016:01:12:00 +0000] "GET /news?newstype=0 HTTP/1.1" 404 1096 "http://localhost:3000/" "Mozilla/5.0 (Windows NT 6.1) AppleWebKit/537.36 (KHTML, like Gecko) Chrome/45.0.2454.85 Safari/537.36"
::1 - - [03/Nov/2016:01:12:03 +0000] "GET / HTTP/1.1" 304 - "-" "Mozilla/5.0 (Windows NT 6.1) AppleWebKit/537.36 (KHTML, like Gecko) Chrome/45.0.2454.85 Safari/537.36"
::1 - - [03/Nov/2016:01:12:04 +0000] "GET /news?newstype=0 HTTP/1.1" 404 1096 "http://localhost:3000/" "Mozilla/5.0 (Windows NT 6.1) AppleWebKit/537.36 (KHTML, like Gecko) Chrome/45.0.2454.85 Safari/537.36"
::1 - - [03/Nov/2016:01:13:20 +0000] "GET / HTTP/1.1" 200 3320 "-" "Mozilla/5.0 (Windows NT 6.1) AppleWebKit/537.36 (KHTML, like Gecko) Chrome/45.0.2454.85 Safari/537.36"
::1 - - [03/Nov/2016:01:13:20 +0000] "GET /news?newstype=0 HTTP/1.1" 200 431 "http://localhost:3000/" "Mozilla/5.0 (Windows NT 6.1) AppleWebKit/537.36 (KHTML, like Gecko) Chrome/45.0.2454.85 Safari/537.36"
::1 - - [03/Nov/2016:01:13:20 +0000] "GET /w HTTP/1.1" 404 1096 "http://localhost:3000/" "Mozilla/5.0 (Windows NT 6.1) AppleWebKit/537.36 (KHTML, like Gecko) Chrome/45.0.2454.85 Safari/537.36"
::1 - - [03/Nov/2016:01:13:21 +0000] "GET /4 HTTP/1.1" 404 1096 "http://localhost:3000/" "Mozilla/5.0 (Windows NT 6.1) AppleWebKit/537.36 (KHTML, like Gecko) Chrome/45.0.2454.85 Safari/537.36"
::1 - - [03/Nov/2016:01:14:27 +0000] "GET / HTTP/1.1" 304 - "-" "Mozilla/5.0 (Windows NT 6.1) AppleWebKit/537.36 (KHTML, like Gecko) Chrome/45.0.2454.85 Safari/537.36"
::1 - - [03/Nov/2016:01:14:28 +0000] "GET /news?newstype=0 HTTP/1.1" 200 455 "http://localhost:3000/" "Mozilla/5.0 (Windows NT 6.1) AppleWebKit/537.36 (KHTML, like Gecko) Chrome/45.0.2454.85 Safari/537.36"
::1 - - [03/Nov/2016:01:14:40 +0000] "GET / HTTP/1.1" 304 - "-" "Mozilla/5.0 (iPhone; CPU iPhone OS 8_0 like Mac OS X) AppleWebKit/600.1.3 (KHTML, like Gecko) Version/8.0 Mobile/12A4345d Safari/600.1.4"
::1 - - [03/Nov/2016:01:14:40 +0000] "GET /news?newstype=0 HTTP/1.1" 304 - "http://localhost:3000/" "Mozilla/5.0 (iPhone; CPU iPhone OS 8_0 like Mac OS X) AppleWebKit/600.1.3 (KHTML, like Gecko) Version/8.0 Mobile/12A4345d Safari/600.1.4"
::1 - - [03/Nov/2016:01:14:43 +0000] "GET /news?newstype=1 HTTP/1.1" 200 225 "http://localhost:3000/" "Mozilla/5.0 (iPhone; CPU iPhone OS 8_0 like Mac OS X) AppleWebKit/600.1.3 (KHTML, like Gecko) Version/8.0 Mobile/12A4345d Safari/600.1.4"
::1 - - [03/Nov/2016:01:14:45 +0000] "GET /news?newstype=2 HTTP/1.1" 200 118 "http://localhost:3000/" "Mozilla/5.0 (iPhone; CPU iPhone OS 8_0 like Mac OS X) AppleWebKit/600.1.3 (KHTML, like Gecko) Version/8.0 Mobile/12A4345d Safari/600.1.4"
::1 - - [03/Nov/2016:01:14:46 +0000] "GET /news?newstype=3 HTTP/1.1" 200 117 "http://localhost:3000/" "Mozilla/5.0 (iPhone; CPU iPhone OS 8_0 like Mac OS X) AppleWebKit/600.1.3 (KHTML, like Gecko) Version/8.0 Mobile/12A4345d Safari/600.1.4"
::1 - - [03/Nov/2016:01:19:51 +0000] "GET /news?newstype=0 HTTP/1.1" 304 - "http://localhost:3000/" "Mozilla/5.0 (iPhone; CPU iPhone OS 8_0 like Mac OS X) AppleWebKit/600.1.3 (KHTML, like Gecko) Version/8.0 Mobile/12A4345d Safari/600.1.4"
::1 - - [03/Nov/2016:01:19:51 +0000] "GET /news?newstype=1 HTTP/1.1" 304 - "http://localhost:3000/" "Mozilla/5.0 (iPhone; CPU iPhone OS 8_0 like Mac OS X) AppleWebKit/600.1.3 (KHTML, like Gecko) Version/8.0 Mobile/12A4345d Safari/600.1.4"
::1 - - [03/Nov/2016:01:19:52 +0000] "GET /news?newstype=2 HTTP/1.1" 304 - "http://localhost:3000/" "Mozilla/5.0 (iPhone; CPU iPhone OS 8_0 like Mac OS X) AppleWebKit/600.1.3 (KHTML, like Gecko) Version/8.0 Mobile/12A4345d Safari/600.1.4"
::1 - - [03/Nov/2016:01:19:53 +0000] "GET /news?newstype=3 HTTP/1.1" 304 - "http://localhost:3000/" "Mozilla/5.0 (iPhone; CPU iPhone OS 8_0 like Mac OS X) AppleWebKit/600.1.3 (KHTML, like Gecko) Version/8.0 Mobile/12A4345d Safari/600.1.4"
::1 - - [03/Nov/2016:01:19:55 +0000] "GET /news?newstype=1 HTTP/1.1" 304 - "http://localhost:3000/" "Mozilla/5.0 (iPhone; CPU iPhone OS 8_0 like Mac OS X) AppleWebKit/600.1.3 (KHTML, like Gecko) Version/8.0 Mobile/12A4345d Safari/600.1.4"
::1 - - [03/Nov/2016:01:20:22 +0000] "GET /server/defuat.html HTTP/1.1" 404 1096 "-" "Mozilla/5.0 (Windows NT 6.1) AppleWebKit/537.36 (KHTML, like Gecko) Chrome/45.0.2454.85 Safari/537.36"
::1 - - [03/Nov/2016:01:20:48 +0000] "GET /admin/getnews HTTP/1.1" 200 912 "http://localhost:3000/server/default.html" "Mozilla/5.0 (Windows NT 6.1) AppleWebKit/537.36 (KHTML, like Gecko) Chrome/45.0.2454.85 Safari/537.36"
::1 - - [03/Nov/2016:01:30:06 +0000] "GET /admin HTTP/1.1" 404 1096 "-" "Mozilla/5.0 (Windows NT 6.1) AppleWebKit/537.36 (KHTML, like Gecko) Chrome/45.0.2454.85 Safari/537.36"
::1 - - [03/Nov/2016:01:30:49 +0000] "GET / HTTP/1.1" 200 3317 "-" "Mozilla/5.0 (iPhone; CPU iPhone OS 8_0 like Mac OS X) AppleWebKit/600.1.3 (KHTML, like Gecko) Version/8.0 Mobile/12A4345d Safari/600.1.4"
::1 - - [03/Nov/2016:01:30:50 +0000] "GET /news?newstype=0 HTTP/1.1" 200 455 "http://localhost:3000/" "Mozilla/5.0 (iPhone; CPU iPhone OS 8_0 like Mac OS X) AppleWebKit/600.1.3 (KHTML, like Gecko) Version/8.0 Mobile/12A4345d Safari/600.1.4"
::1 - - [03/Nov/2016:01:30:56 +0000] "GET /admin HTTP/1.1" 404 1096 "-" "Mozilla/5.0 (Windows NT 6.1) AppleWebKit/537.36 (KHTML, like Gecko) Chrome/45.0.2454.85 Safari/537.36"
::1 - - [03/Nov/2016:01:31:00 +0000] "GET /admin/ HTTP/1.1" 404 1096 "-" "Mozilla/5.0 (Windows NT 6.1) AppleWebKit/537.36 (KHTML, like Gecko) Chrome/45.0.2454.85 Safari/537.36"
::1 - - [03/Nov/2016:01:31:56 +0000] "GET /admin/ HTTP/1.1" 404 1096 "-" "Mozilla/5.0 (Windows NT 6.1) AppleWebKit/537.36 (KHTML, like Gecko) Chrome/45.0.2454.85 Safari/537.36"
::1 - - [03/Nov/2016:01:31:57 +0000] "GET /admin/ HTTP/1.1" 404 1096 "-" "Mozilla/5.0 (Windows NT 6.1) AppleWebKit/537.36 (KHTML, like Gecko) Chrome/45.0.2454.85 Safari/537.36"
::1 - - [03/Nov/2016:01:31:58 +0000] "GET /admin/ HTTP/1.1" 404 1096 "-" "Mozilla/5.0 (Windows NT 6.1) AppleWebKit/537.36 (KHTML, like Gecko) Chrome/45.0.2454.85 Safari/537.36"
::1 - - [03/Nov/2016:01:32:02 +0000] "GET /admin HTTP/1.1" 404 1096 "-" "Mozilla/5.0 (Windows NT 6.1) AppleWebKit/537.36 (KHTML, like Gecko) Chrome/45.0.2454.85 Safari/537.36"
::1 - - [03/Nov/2016:01:32:13 +0000] "GET /admin HTTP/1.1" 404 1096 "-" "Mozilla/5.0 (iPhone; CPU iPhone OS 8_0 like Mac OS X) AppleWebKit/600.1.3 (KHTML, like Gecko) Version/8.0 Mobile/12A4345d Safari/600.1.4"
::1 - - [03/Nov/2016:01:32:20 +0000] "GET /admin HTTP/1.1" 404 1096 "-" "Mozilla/5.0 (iPhone; CPU iPhone OS 8_0 like Mac OS X) AppleWebKit/600.1.3 (KHTML, like Gecko) Version/8.0 Mobile/12A4345d Safari/600.1.4"
::1 - - [03/Nov/2016:01:34:24 +0000] "GET /admin HTTP/1.1" 404 1096 "-" "Mozilla/5.0 (Windows NT 6.1) AppleWebKit/537.36 (KHTML, like Gecko) Chrome/45.0.2454.85 Safari/537.36"
::1 - - [03/Nov/2016:01:34:27 +0000] "GET /admin HTTP/1.1" 404 1096 "-" "Mozilla/5.0 (Windows NT 6.1) AppleWebKit/537.36 (KHTML, like Gecko) Chrome/45.0.2454.85 Safari/537.36"
::1 - - [03/Nov/2016:01:35:25 +0000] "GET /admin/ HTTP/1.1" 200 7619 "-" "Mozilla/5.0 (Windows NT 6.1) AppleWebKit/537.36 (KHTML, like Gecko) Chrome/45.0.2454.85 Safari/537.36"
::1 - - [03/Nov/2016:01:35:25 +0000] "GET /admin/default.js HTTP/1.1" 404 1096 "http://localhost:3000/admin/" "Mozilla/5.0 (Windows NT 6.1) AppleWebKit/537.36 (KHTML, like Gecko) Chrome/45.0.2454.85 Safari/537.36"
::1 - - [03/Nov/2016:01:36:05 +0000] "GET /admin HTTP/1.1" 200 7619 "-" "Mozilla/5.0 (Windows NT 6.1) AppleWebKit/537.36 (KHTML, like Gecko) Chrome/45.0.2454.85 Safari/537.36"
::1 - - [03/Nov/2016:01:36:05 +0000] "GET /default.js HTTP/1.1" 404 1096 "http://localhost:3000/admin" "Mozilla/5.0 (Windows NT 6.1) AppleWebKit/537.36 (KHTML, like Gecko) Chrome/45.0.2454.85 Safari/537.36"
::1 - - [03/Nov/2016:01:38:19 +0000] "GET /admin HTTP/1.1" 200 7618 "-" "Mozilla/5.0 (Windows NT 6.1) AppleWebKit/537.36 (KHTML, like Gecko) Chrome/45.0.2454.85 Safari/537.36"
::1 - - [03/Nov/2016:01:38:19 +0000] "GET /jsdefault.js HTTP/1.1" 404 1096 "http://localhost:3000/admin" "Mozilla/5.0 (Windows NT 6.1) AppleWebKit/537.36 (KHTML, like Gecko) Chrome/45.0.2454.85 Safari/537.36"
::1 - - [03/Nov/2016:01:38:35 +0000] "GET /admin HTTP/1.1" 200 7619 "-" "Mozilla/5.0 (Windows NT 6.1) AppleWebKit/537.36 (KHTML, like Gecko) Chrome/45.0.2454.85 Safari/537.36"
::1 - - [03/Nov/2016:01:38:35 +0000] "GET /admin/getnews HTTP/1.1" 200 912 "http://localhost:3000/admin" "Mozilla/5.0 (Windows NT 6.1) AppleWebKit/537.36 (KHTML, like Gecko) Chrome/45.0.2454.85 Safari/537.36"
::1 - - [03/Nov/2016:01:42:09 +0000] "POST /admin/delete HTTP/1.1" 200 33 "http://localhost:3000/admin" "Mozilla/5.0 (Windows NT 6.1) AppleWebKit/537.36 (KHTML, like Gecko) Chrome/45.0.2454.85 Safari/537.36"
::1 - - [03/Nov/2016:01:42:10 +0000] "GET /admin/getnews HTTP/1.1" 200 794 "http://localhost:3000/admin" "Mozilla/5.0 (Windows NT 6.1) AppleWebKit/537.36 (KHTML, like Gecko) Chrome/45.0.2454.85 Safari/537.36"
::1 - - [03/Nov/2016:01:42:17 +0000] "GET /admin/edit?nwesid=40 HTTP/1.1" 200 113 "http://localhost:3000/admin" "Mozilla/5.0 (Windows NT 6.1) AppleWebKit/537.36 (KHTML, like Gecko) Chrome/45.0.2454.85 Safari/537.36"
::1 - - [03/Nov/2016:01:42:19 +0000] "POST /admin/update HTTP/1.1" 200 34 "http://localhost:3000/admin" "Mozilla/5.0 (Windows NT 6.1) AppleWebKit/537.36 (KHTML, like Gecko) Chrome/45.0.2454.85 Safari/537.36"
::1 - - [03/Nov/2016:01:42:23 +0000] "GET /admin/edit?nwesid=39 HTTP/1.1" 200 113 "http://localhost:3000/admin" "Mozilla/5.0 (Windows NT 6.1) AppleWebKit/537.36 (KHTML, like Gecko) Chrome/45.0.2454.85 Safari/537.36"
::1 - - [03/Nov/2016:01:42:27 +0000] "POST /admin/update HTTP/1.1" 200 34 "http://localhost:3000/admin" "Mozilla/5.0 (Windows NT 6.1) AppleWebKit/537.36 (KHTML, like Gecko) Chrome/45.0.2454.85 Safari/537.36"
::1 - - [03/Nov/2016:01:42:31 +0000] "GET /admin/edit?nwesid=40 HTTP/1.1" 304 - "http://localhost:3000/admin" "Mozilla/5.0 (Windows NT 6.1) AppleWebKit/537.36 (KHTML, like Gecko) Chrome/45.0.2454.85 Safari/537.36"
::1 - - [03/Nov/2016:01:42:33 +0000] "POST /admin/update HTTP/1.1" 200 1 "http://localhost:3000/admin" "Mozilla/5.0 (Windows NT 6.1) AppleWebKit/537.36 (KHTML, like Gecko) Chrome/45.0.2454.85 Safari/537.36"
::1 - - [03/Nov/2016:01:42:34 +0000] "GET /admin/getnews HTTP/1.1" 200 795 "http://localhost:3000/admin" "Mozilla/5.0 (Windows NT 6.1) AppleWebKit/537.36 (KHTML, like Gecko) Chrome/45.0.2454.85 Safari/537.36"
::1 - - [03/Nov/2016:01:42:40 +0000] "POST /admin/insert HTTP/1.1" 200 1 "http://localhost:3000/admin" "Mozilla/5.0 (Windows NT 6.1) AppleWebKit/537.36 (KHTML, like Gecko) Chrome/45.0.2454.85 Safari/537.36"
::1 - - [03/Nov/2016:01:42:41 +0000] "GET /admin/getnews HTTP/1.1" 200 902 "http://localhost:3000/admin" "Mozilla/5.0 (Windows NT 6.1) AppleWebKit/537.36 (KHTML, like Gecko) Chrome/45.0.2454.85 Safari/537.36"
::1 - - [03/Nov/2016:01:55:02 +0000] "GET /admin HTTP/1.1" 200 7672 "-" "Mozilla/5.0 (Windows NT 6.1) AppleWebKit/537.36 (KHTML, like Gecko) Chrome/45.0.2454.85 Safari/537.36"
::1 - - [03/Nov/2016:01:55:02 +0000] "GET /admin/getnews HTTP/1.1" 200 902 "http://localhost:3000/admin" "Mozilla/5.0 (Windows NT 6.1) AppleWebKit/537.36 (KHTML, like Gecko) Chrome/45.0.2454.85 Safari/537.36"
::1 - - [03/Nov/2016:01:55:28 +0000] "POST /admin/insert HTTP/1.1" 200 1 "http://localhost:3000/admin" "Mozilla/5.0 (Windows NT 6.1) AppleWebKit/537.36 (KHTML, like Gecko) Chrome/45.0.2454.85 Safari/537.36"
::1 - - [03/Nov/2016:01:55:29 +0000] "GET /admin/getnews HTTP/1.1" 200 1031 "http://localhost:3000/admin" "Mozilla/5.0 (Windows NT 6.1) AppleWebKit/537.36 (KHTML, like Gecko) Chrome/45.0.2454.85 Safari/537.36"
::1 - - [03/Nov/2016:02:00:39 +0000] "GET /admin HTTP/1.1" 304 - "-" "Mozilla/5.0 (Windows NT 6.1) AppleWebKit/537.36 (KHTML, like Gecko) Chrome/45.0.2454.85 Safari/537.36"
::1 - - [03/Nov/2016:02:00:56 +0000] "GET /admin HTTP/1.1" 304 - "-" "Mozilla/5.0 (Windows NT 6.1) AppleWebKit/537.36 (KHTML, like Gecko) Chrome/45.0.2454.85 Safari/537.36"
::1 - - [03/Nov/2016:02:01:21 +0000] "GET /admin HTTP/1.1" 304 - "-" "Mozilla/5.0 (Windows NT 6.1) AppleWebKit/537.36 (KHTML, like Gecko) Chrome/45.0.2454.85 Safari/537.36"
::1 - - [03/Nov/2016:02:01:21 +0000] "GET /admin/getnews HTTP/1.1" 304 - "http://localhost:3000/admin" "Mozilla/5.0 (Windows NT 6.1) AppleWebKit/537.36 (KHTML, like Gecko) Chrome/45.0.2454.85 Safari/537.36"
::1 - - [03/Nov/2016:02:01:31 +0000] "GET / HTTP/1.1" 200 3369 "-" "Mozilla/5.0 (iPhone; CPU iPhone OS 8_0 like Mac OS X) AppleWebKit/600.1.3 (KHTML, like Gecko) Version/8.0 Mobile/12A4345d Safari/600.1.4"
::1 - - [03/Nov/2016:02:01:56 +0000] "GET / HTTP/1.1" 304 - "-" "Mozilla/5.0 (iPhone; CPU iPhone OS 8_0 like Mac OS X) AppleWebKit/600.1.3 (KHTML, like Gecko) Version/8.0 Mobile/12A4345d Safari/600.1.4"
::1 - - [03/Nov/2016:02:02:30 +0000] "GET / HTTP/1.1" 304 - "-" "Mozilla/5.0 (iPhone; CPU iPhone OS 8_0 like Mac OS X) AppleWebKit/600.1.3 (KHTML, like Gecko) Version/8.0 Mobile/12A4345d Safari/600.1.4"
::1 - - [03/Nov/2016:02:02:30 +0000] "GET /news?newstype=0 HTTP/1.1" 200 574 "http://localhost:3000/" "Mozilla/5.0 (iPhone; CPU iPhone OS 8_0 like Mac OS X) AppleWebKit/600.1.3 (KHTML, like Gecko) Version/8.0 Mobile/12A4345d Safari/600.1.4"
::1 - - [03/Nov/2016:02:02:30 +0000] "GET /w HTTP/1.1" 404 1096 "http://localhost:3000/" "Mozilla/5.0 (iPhone; CPU iPhone OS 8_0 like Mac OS X) AppleWebKit/600.1.3 (KHTML, like Gecko) Version/8.0 Mobile/12A4345d Safari/600.1.4"
::1 - - [03/Nov/2016:02:02:30 +0000] "GET /3 HTTP/1.1" 404 1096 "http://localhost:3000/" "Mozilla/5.0 (iPhone; CPU iPhone OS 8_0 like Mac OS X) AppleWebKit/600.1.3 (KHTML, like Gecko) Version/8.0 Mobile/12A4345d Safari/600.1.4"
::1 - - [03/Nov/2016:02:03:46 +0000] "GET /admin/edit?nwesid=42 HTTP/1.1" 200 130 "http://localhost:3000/admin" "Mozilla/5.0 (Windows NT 6.1) AppleWebKit/537.36 (KHTML, like Gecko) Chrome/45.0.2454.85 Safari/537.36"
::1 - - [03/Nov/2016:02:05:11 +0000] "GET /admin HTTP/1.1" 304 - "-" "Mozilla/5.0 (Windows NT 6.1) AppleWebKit/537.36 (KHTML, like Gecko) Chrome/45.0.2454.85 Safari/537.36"
::1 - - [03/Nov/2016:02:05:11 +0000] "GET /admin/getnews HTTP/1.1" 304 - "http://localhost:3000/admin" "Mozilla/5.0 (Windows NT 6.1) AppleWebKit/537.36 (KHTML, like Gecko) Chrome/45.0.2454.85 Safari/537.36"
::1 - - [03/Nov/2016:02:05:13 +0000] "GET /admin/edit?nwesid=42 HTTP/1.1" 304 - "http://localhost:3000/admin" "Mozilla/5.0 (Windows NT 6.1) AppleWebKit/537.36 (KHTML, like Gecko) Chrome/45.0.2454.85 Safari/537.36"
::1 - - [03/Nov/2016:02:05:17 +0000] "POST /admin/update HTTP/1.1" 200 1 "http://localhost:3000/admin" "Mozilla/5.0 (Windows NT 6.1) AppleWebKit/537.36 (KHTML, like Gecko) Chrome/45.0.2454.85 Safari/537.36"
::1 - - [03/Nov/2016:02:05:18 +0000] "GET /admin/getnews HTTP/1.1" 200 1031 "http://localhost:3000/admin" "Mozilla/5.0 (Windows NT 6.1) AppleWebKit/537.36 (KHTML, like Gecko) Chrome/45.0.2454.85 Safari/537.36"
::1 - - [03/Nov/2016:02:07:23 +0000] "GET /admin HTTP/1.1" 304 - "-" "Mozilla/5.0 (Windows NT 6.1) AppleWebKit/537.36 (KHTML, like Gecko) Chrome/45.0.2454.85 Safari/537.36"
::1 - - [03/Nov/2016:02:07:24 +0000] "GET /admin/getnews HTTP/1.1" 304 - "http://localhost:3000/admin" "Mozilla/5.0 (Windows NT 6.1) AppleWebKit/537.36 (KHTML, like Gecko) Chrome/45.0.2454.85 Safari/537.36"
::1 - - [03/Nov/2016:02:07:33 +0000] "GET /admin/edit?nwesid=42 HTTP/1.1" 200 130 "http://localhost:3000/admin" "Mozilla/5.0 (Windows NT 6.1) AppleWebKit/537.36 (KHTML, like Gecko) Chrome/45.0.2454.85 Safari/537.36"
::1 - - [03/Nov/2016:02:07:52 +0000] "GET /admin/edit?nwesid=41 HTTP/1.1" 200 108 "http://localhost:3000/admin" "Mozilla/5.0 (Windows NT 6.1) AppleWebKit/537.36 (KHTML, like Gecko) Chrome/45.0.2454.85 Safari/537.36"
::1 - - [03/Nov/2016:02:08:12 +0000] "GET /admin HTTP/1.1" 304 - "-" "Mozilla/5.0 (Windows NT 6.1) AppleWebKit/537.36 (KHTML, like Gecko) Chrome/45.0.2454.85 Safari/537.36"
::1 - - [03/Nov/2016:02:08:12 +0000] "GET /admin/getnews HTTP/1.1" 304 - "http://localhost:3000/admin" "Mozilla/5.0 (Windows NT 6.1) AppleWebKit/537.36 (KHTML, like Gecko) Chrome/45.0.2454.85 Safari/537.36"
::1 - - [03/Nov/2016:02:08:13 +0000] "GET /admin/edit?nwesid=42 HTTP/1.1" 304 - "http://localhost:3000/admin" "Mozilla/5.0 (Windows NT 6.1) AppleWebKit/537.36 (KHTML, like Gecko) Chrome/45.0.2454.85 Safari/537.36"
::1 - - [03/Nov/2016:02:09:47 +0000] "GET /admin HTTP/1.1" 304 - "-" "Mozilla/5.0 (Windows NT 6.1) AppleWebKit/537.36 (KHTML, like Gecko) Chrome/45.0.2454.85 Safari/537.36"
::1 - - [03/Nov/2016:02:09:47 +0000] "GET /admin/getnews HTTP/1.1" 304 - "http://localhost:3000/admin" "Mozilla/5.0 (Windows NT 6.1) AppleWebKit/537.36 (KHTML, like Gecko) Chrome/45.0.2454.85 Safari/537.36"
::1 - - [03/Nov/2016:02:09:47 +0000] "GET /favicon.ico HTTP/1.1" 404 1096 "http://localhost:3000/admin" "Mozilla/5.0 (Windows NT 6.1) AppleWebKit/537.36 (KHTML, like Gecko) Chrome/45.0.2454.85 Safari/537.36"
::1 - - [03/Nov/2016:02:09:55 +0000] "GET / HTTP/1.1" 304 - "-" "Mozilla/5.0 (Windows NT 6.1) AppleWebKit/537.36 (KHTML, like Gecko) Chrome/45.0.2454.85 Safari/537.36"
::1 - - [03/Nov/2016:02:09:55 +0000] "GET /news?newstype=0 HTTP/1.1" 200 574 "http://localhost:3000/" "Mozilla/5.0 (Windows NT 6.1) AppleWebKit/537.36 (KHTML, like Gecko) Chrome/45.0.2454.85 Safari/537.36"
::1 - - [03/Nov/2016:02:09:55 +0000] "GET /w HTTP/1.1" 404 1096 "http://localhost:3000/" "Mozilla/5.0 (Windows NT 6.1) AppleWebKit/537.36 (KHTML, like Gecko) Chrome/45.0.2454.85 Safari/537.36"
::1 - - [03/Nov/2016:02:09:55 +0000] "GET /3 HTTP/1.1" 404 1096 "http://localhost:3000/" "Mozilla/5.0 (Windows NT 6.1) AppleWebKit/537.36 (KHTML, like Gecko) Chrome/45.0.2454.85 Safari/537.36"
::1 - - [03/Nov/2016:02:10:10 +0000] "GET / HTTP/1.1" 304 - "-" "Mozilla/5.0 (iPhone; CPU iPhone OS 8_0 like Mac OS X) AppleWebKit/600.1.3 (KHTML, like Gecko) Version/8.0 Mobile/12A4345d Safari/600.1.4"
::1 - - [03/Nov/2016:02:10:10 +0000] "GET /news?newstype=0 HTTP/1.1" 304 - "http://localhost:3000/" "Mozilla/5.0 (iPhone; CPU iPhone OS 8_0 like Mac OS X) AppleWebKit/600.1.3 (KHTML, like Gecko) Version/8.0 Mobile/12A4345d Safari/600.1.4"
::1 - - [03/Nov/2016:02:10:11 +0000] "GET /w HTTP/1.1" 404 1096 "http://localhost:3000/" "Mozilla/5.0 (iPhone; CPU iPhone OS 8_0 like Mac OS X) AppleWebKit/600.1.3 (KHTML, like Gecko) Version/8.0 Mobile/12A4345d Safari/600.1.4"
::1 - - [03/Nov/2016:02:10:11 +0000] "GET /3 HTTP/1.1" 404 1096 "http://localhost:3000/" "Mozilla/5.0 (iPhone; CPU iPhone OS 8_0 like Mac OS X) AppleWebKit/600.1.3 (KHTML, like Gecko) Version/8.0 Mobile/12A4345d Safari/600.1.4"
::1 - - [03/Nov/2016:02:10:15 +0000] "GET /admin/edit?nwesid=42 HTTP/1.1" 304 - "http://localhost:3000/admin" "Mozilla/5.0 (Windows NT 6.1) AppleWebKit/537.36 (KHTML, like Gecko) Chrome/45.0.2454.85 Safari/537.36"
::1 - - [03/Nov/2016:02:10:21 +0000] "POST /admin/update HTTP/1.1" 200 1 "http://localhost:3000/admin" "Mozilla/5.0 (Windows NT 6.1) AppleWebKit/537.36 (KHTML, like Gecko) Chrome/45.0.2454.85 Safari/537.36"
::1 - - [03/Nov/2016:02:10:22 +0000] "GET /admin/getnews HTTP/1.1" 200 1031 "http://localhost:3000/admin" "Mozilla/5.0 (Windows NT 6.1) AppleWebKit/537.36 (KHTML, like Gecko) Chrome/45.0.2454.85 Safari/537.36"
::1 - - [03/Nov/2016:02:10:27 +0000] "GET /news?newstype=0 HTTP/1.1" 200 574 "http://localhost:3000/" "Mozilla/5.0 (iPhone; CPU iPhone OS 8_0 like Mac OS X) AppleWebKit/600.1.3 (KHTML, like Gecko) Version/8.0 Mobile/12A4345d Safari/600.1.4"
::1 - - [03/Nov/2016:02:10:27 +0000] "GET /w HTTP/1.1" 404 1096 "http://localhost:3000/" "Mozilla/5.0 (iPhone; CPU iPhone OS 8_0 like Mac OS X) AppleWebKit/600.1.3 (KHTML, like Gecko) Version/8.0 Mobile/12A4345d Safari/600.1.4"
::1 - - [03/Nov/2016:02:10:27 +0000] "GET /3 HTTP/1.1" 404 1096 "http://localhost:3000/" "Mozilla/5.0 (iPhone; CPU iPhone OS 8_0 like Mac OS X) AppleWebKit/600.1.3 (KHTML, like Gecko) Version/8.0 Mobile/12A4345d Safari/600.1.4"
::1 - - [03/Nov/2016:02:11:27 +0000] "GET / HTTP/1.1" 304 - "-" "Mozilla/5.0 (iPhone; CPU iPhone OS 8_0 like Mac OS X) AppleWebKit/600.1.3 (KHTML, like Gecko) Version/8.0 Mobile/12A4345d Safari/600.1.4"
::1 - - [03/Nov/2016:02:11:27 +0000] "GET /news?newstype=0 HTTP/1.1" 304 - "http://localhost:3000/" "Mozilla/5.0 (iPhone; CPU iPhone OS 8_0 like Mac OS X) AppleWebKit/600.1.3 (KHTML, like Gecko) Version/8.0 Mobile/12A4345d Safari/600.1.4"
::1 - - [03/Nov/2016:02:11:27 +0000] "GET /w HTTP/1.1" 404 1096 "http://localhost:3000/" "Mozilla/5.0 (iPhone; CPU iPhone OS 8_0 like Mac OS X) AppleWebKit/600.1.3 (KHTML, like Gecko) Version/8.0 Mobile/12A4345d Safari/600.1.4"
::1 - - [03/Nov/2016:02:11:27 +0000] "GET /3 HTTP/1.1" 404 1096 "http://localhost:3000/" "Mozilla/5.0 (iPhone; CPU iPhone OS 8_0 like Mac OS X) AppleWebKit/600.1.3 (KHTML, like Gecko) Version/8.0 Mobile/12A4345d Safari/600.1.4"
::1 - - [03/Nov/2016:02:11:37 +0000] "GET /admin HTTP/1.1" 304 - "-" "Mozilla/5.0 (Windows NT 6.1) AppleWebKit/537.36 (KHTML, like Gecko) Chrome/45.0.2454.85 Safari/537.36"
::1 - - [03/Nov/2016:02:11:37 +0000] "GET /admin/getnews HTTP/1.1" 304 - "http://localhost:3000/admin" "Mozilla/5.0 (Windows NT 6.1) AppleWebKit/537.36 (KHTML, like Gecko) Chrome/45.0.2454.85 Safari/537.36"
::1 - - [03/Nov/2016:02:11:53 +0000] "POST /admin/insert HTTP/1.1" 200 34 "http://localhost:3000/admin" "Mozilla/5.0 (Windows NT 6.1) AppleWebKit/537.36 (KHTML, like Gecko) Chrome/45.0.2454.85 Safari/537.36"
::1 - - [03/Nov/2016:02:12:01 +0000] "POST /admin/delete HTTP/1.1" 200 33 "http://localhost:3000/admin" "Mozilla/5.0 (Windows NT 6.1) AppleWebKit/537.36 (KHTML, like Gecko) Chrome/45.0.2454.85 Safari/537.36"
::1 - - [03/Nov/2016:02:12:03 +0000] "GET /admin/getnews HTTP/1.1" 200 924 "http://localhost:3000/admin" "Mozilla/5.0 (Windows NT 6.1) AppleWebKit/537.36 (KHTML, like Gecko) Chrome/45.0.2454.85 Safari/537.36"
::1 - - [03/Nov/2016:02:12:08 +0000] "POST /admin/insert HTTP/1.1" 200 1 "http://localhost:3000/admin" "Mozilla/5.0 (Windows NT 6.1) AppleWebKit/537.36 (KHTML, like Gecko) Chrome/45.0.2454.85 Safari/537.36"
::1 - - [03/Nov/2016:02:12:09 +0000] "GET /admin/getnews HTTP/1.1" 200 1030 "http://localhost:3000/admin" "Mozilla/5.0 (Windows NT 6.1) AppleWebKit/537.36 (KHTML, like Gecko) Chrome/45.0.2454.85 Safari/537.36"
::1 - - [03/Nov/2016:02:12:20 +0000] "POST /admin/insert HTTP/1.1" 200 34 "http://localhost:3000/admin" "Mozilla/5.0 (Windows NT 6.1) AppleWebKit/537.36 (KHTML, like Gecko) Chrome/45.0.2454.85 Safari/537.36"
::1 - - [03/Nov/2016:02:12:25 +0000] "POST /admin/insert HTTP/1.1" 200 1 "http://localhost:3000/admin" "Mozilla/5.0 (Windows NT 6.1) AppleWebKit/537.36 (KHTML, like Gecko) Chrome/45.0.2454.85 Safari/537.36"
::1 - - [03/Nov/2016:02:12:26 +0000] "GET /admin/getnews HTTP/1.1" 200 1210 "http://localhost:3000/admin" "Mozilla/5.0 (Windows NT 6.1) AppleWebKit/537.36 (KHTML, like Gecko) Chrome/45.0.2454.85 Safari/537.36"
::1 - - [03/Nov/2016:02:12:30 +0000] "GET / HTTP/1.1" 304 - "-" "Mozilla/5.0 (iPhone; CPU iPhone OS 8_0 like Mac OS X) AppleWebKit/600.1.3 (KHTML, like Gecko) Version/8.0 Mobile/12A4345d Safari/600.1.4"
::1 - - [03/Nov/2016:02:12:30 +0000] "GET /news?newstype=0 HTTP/1.1" 200 753 "http://localhost:3000/" "Mozilla/5.0 (iPhone; CPU iPhone OS 8_0 like Mac OS X) AppleWebKit/600.1.3 (KHTML, like Gecko) Version/8.0 Mobile/12A4345d Safari/600.1.4"
::1 - - [03/Nov/2016:02:12:31 +0000] "GET /&lt;script&gt;alert(3);&lt;/script&gt; HTTP/1.1" 404 1096 "http://localhost:3000/" "Mozilla/5.0 (iPhone; CPU iPhone OS 8_0 like Mac OS X) AppleWebKit/600.1.3 (KHTML, like Gecko) Version/8.0 Mobile/12A4345d Safari/600.1.4"
::1 - - [03/Nov/2016:02:12:31 +0000] "GET /3 HTTP/1.1" 404 1096 "http://localhost:3000/" "Mozilla/5.0 (iPhone; CPU iPhone OS 8_0 like Mac OS X) AppleWebKit/600.1.3 (KHTML, like Gecko) Version/8.0 Mobile/12A4345d Safari/600.1.4"
::1 - - [03/Nov/2016:02:12:31 +0000] "GET /w HTTP/1.1" 404 1096 "http://localhost:3000/" "Mozilla/5.0 (iPhone; CPU iPhone OS 8_0 like Mac OS X) AppleWebKit/600.1.3 (KHTML, like Gecko) Version/8.0 Mobile/12A4345d Safari/600.1.4"
::1 - - [03/Nov/2016:02:19:51 +0000] "GET / HTTP/1.1" 304 - "-" "Mozilla/5.0 (Windows NT 6.1) AppleWebKit/537.36 (KHTML, like Gecko) Chrome/45.0.2454.85 Safari/537.36"
::1 - - [03/Nov/2016:02:19:51 +0000] "GET /news?newstype=0 HTTP/1.1" 304 - "http://localhost:3000/" "Mozilla/5.0 (Windows NT 6.1) AppleWebKit/537.36 (KHTML, like Gecko) Chrome/45.0.2454.85 Safari/537.36"
::1 - - [03/Nov/2016:02:19:51 +0000] "GET /&lt;script&gt;alert(3);&lt;/script&gt; HTTP/1.1" 404 1096 "http://localhost:3000/" "Mozilla/5.0 (Windows NT 6.1) AppleWebKit/537.36 (KHTML, like Gecko) Chrome/45.0.2454.85 Safari/537.36"
::1 - - [03/Nov/2016:02:19:52 +0000] "GET /3 HTTP/1.1" 404 1096 "http://localhost:3000/" "Mozilla/5.0 (Windows NT 6.1) AppleWebKit/537.36 (KHTML, like Gecko) Chrome/45.0.2454.85 Safari/537.36"
::1 - - [03/Nov/2016:02:19:52 +0000] "GET /w HTTP/1.1" 404 1096 "http://localhost:3000/" "Mozilla/5.0 (Windows NT 6.1) AppleWebKit/537.36 (KHTML, like Gecko) Chrome/45.0.2454.85 Safari/537.36"
::1 - - [03/Nov/2016:02:19:52 +0000] "GET /favicon.ico HTTP/1.1" 404 1096 "http://localhost:3000/" "Mozilla/5.0 (Windows NT 6.1) AppleWebKit/537.36 (KHTML, like Gecko) Chrome/45.0.2454.85 Safari/537.36"
::1 - - [03/Nov/2016:02:23:35 +0000] "GET / HTTP/1.1" 304 - "-" "Mozilla/5.0 (iPhone; CPU iPhone OS 8_0 like Mac OS X) AppleWebKit/600.1.3 (KHTML, like Gecko) Version/8.0 Mobile/12A4345d Safari/600.1.4"
::1 - - [03/Nov/2016:02:23:35 +0000] "GET /news?newstype=0 HTTP/1.1" 304 - "http://localhost:3000/" "Mozilla/5.0 (iPhone; CPU iPhone OS 8_0 like Mac OS X) AppleWebKit/600.1.3 (KHTML, like Gecko) Version/8.0 Mobile/12A4345d Safari/600.1.4"
::1 - - [03/Nov/2016:02:23:35 +0000] "GET /&lt;script&gt;alert(3);&lt;/script&gt; HTTP/1.1" 404 1096 "http://localhost:3000/" "Mozilla/5.0 (iPhone; CPU iPhone OS 8_0 like Mac OS X) AppleWebKit/600.1.3 (KHTML, like Gecko) Version/8.0 Mobile/12A4345d Safari/600.1.4"
::1 - - [03/Nov/2016:02:23:35 +0000] "GET /3 HTTP/1.1" 404 1096 "http://localhost:3000/" "Mozilla/5.0 (iPhone; CPU iPhone OS 8_0 like Mac OS X) AppleWebKit/600.1.3 (KHTML, like Gecko) Version/8.0 Mobile/12A4345d Safari/600.1.4"
::1 - - [03/Nov/2016:02:23:35 +0000] "GET /w HTTP/1.1" 404 1096 "http://localhost:3000/" "Mozilla/5.0 (iPhone; CPU iPhone OS 8_0 like Mac OS X) AppleWebKit/600.1.3 (KHTML, like Gecko) Version/8.0 Mobile/12A4345d Safari/600.1.4"
